
ROM used: 261 (3%)
          261 (3%) including unused fragments

          1 Average locations per line
          5 Average locations per statement

RAM used: 57 (15%) at main() level
          59 (16%) worst case

Stack used: 3 worst case (out of 8 total available)

Lines Stmts  %   Files
----- ----- ---  -----
   58    25  49  main.c
   16     0   0  ..\include\Header.h
  306     0   0  C:\PROGRA~1\PICC\devices\16F877A.h
   24     0   0  ..\config\APP_config.h
   47    26  51  ..\source\lcd_driver.c
   19     0   0  ..\config\LCD_config.h
----- -----
  470    51 Total

Page ROM  %  RAM   Vol Diff  Functions:
---- --- --- ---   --- ----  ----------
0     21   8   1             @delay_ms1
0     35  13   0   221  1.8  lcd_init
0     18   7   0   108  1.7  clr_lcd
0     23   9   1   167  2.3  lcd_write
0    125  48   3   707  8.0  MAIN
0     20   8   0             @const68
0     15   6   1             @SPRINTF

Program metrics:
    Functions               4
    Statements              51
    Comments                92
    Volume (V)              1604
    Difficilty (D)          13.4
    Effort to implement (E) 21436
    Time to implement (T)   20 minutes
    Est Delivered Bugs (B)  0
    Cyclomatic Complexity   5
    Maintainability (MI)    144

 Segment     Used  Free
-----------  ----  ----
00000-00003     4  0  
00004-007FF   257  1787  
00800-00FFF     0  2048  
01000-017FF     0  2048  
01800-01FFF     0  2048  



THE FOLLOWING IS TEMPORARY FOR DIAGNOSTIC USE ONLY:

    n1    n2    N1    N2   v(G)
     0     1     0     0     0    @delay_ms1
     4    24    24    22     0    lcd_init
     4    14    14    12     0    clr_lcd
     5    20    18    18     0    lcd_write
    17    49    71    46     5    MAIN
     0     1     0     0     0    @const68
     0     1     0     0     0    @SPRINTF
