C51 COMPILER V7.00  LED_MATRIX_MAIN                                                        08/17/2013 20:36:23 PAGE 1   


C51 COMPILER V7.00, COMPILATION OF MODULE LED_MATRIX_MAIN
OBJECT MODULE PLACED IN .\led_matrix_main.obj
COMPILER INVOKED BY: C:\Keil\C51\BIN\C51.EXE ..\main\led_matrix_main.c BROWSE DEBUG OBJECTEXTEND PRINT(.\led_matrix_main
                    -.lst) OBJECT(.\led_matrix_main.obj)

stmt level    source

   1          // 32x16 matrix LED display as 32 Columns and 16 Rows
   2          // This is  test program to know if all the [32 * 16 = 512 ] LEDs are glowing
   3          //^^^^^^^^^^^^^^^^^^^^^^^^^^^^^^^^^^^^^^^^^^^^^^^^^^^^^^^^^
   4          // Edited on : 16/08/2013
   5          // Developed by : Sivalingam / Kumaraguru
   6          // Reviwed by : Kumaraguru
   7          //^^^^^^^^^^^^^^^^^^^^^^^^^^^^^^^^^^^^^^^^^^^^^^^^^^^^^^^^^     
   8          
   9          
  10          #include "..\include\header.h"
*** WARNING C235 IN LINE 5 OF ../SOURCE/DELAY.C: parameter 1: different types
  11          #include "..\config\app_config.h"
  12          
  13          /* Different states provided for the microcontroller */
  14          typedef enum
  15          {
  16            INITIALISE,
  17            TEST_LED,
  18            DISPLAY_TEXT,
  19            GET_INPUT,
  20            END_APPLICATION
  21          }st;
  22          
  23          
  24          st STATUS = INITIALISE;
  25          
  26          void main ()
  27          {
  28   1      //unsigned int row_number;
  29   1      while(1)
  30   1        {     
  31   2        switch(STATUS)
  32   2              {
  33   3                  case INITIALISE:
  34   3                                              /* This calls all the required intialisation for the application*/
  35   3                                         STATUS = TEST_LED;
  36   3                                                         break;
  37   3                      case TEST_LED:
  38   3                                               /* This is a test program which turns on all the LEDS in the display  */
  39   3                              //for(row_number=1;row_number<=4;row_number++ )
  40   3                                      {
  41   4                                              write_row(8);
  42   4                                              //write_column(0xFF);
  43   4                                              //delay_us(5000);
  44   4                                      }       
  45   3                                                      STATUS = TEST_LED;
  46   3                                                      break;
  47   3      
  48   3                      case DISPLAY_TEXT:
  49   3                                                      /* The data from memeory is displayed in the memory*/  
  50   3                                                      break;
  51   3      
  52   3                      case GET_INPUT :
  53   3                                                      /* get the input from keypad and print temperarily on LCD*/
C51 COMPILER V7.00  LED_MATRIX_MAIN                                                        08/17/2013 20:36:23 PAGE 2   

  54   3                                                      /* when the entered data is set, store it in the memory    */
  55   3                                                      break;
  56   3                      
  57   3                      case END_APPLICATION:
  58   3                                                      /* run this when power is turned off  */
  59   3                                                      break;
  60   3      
  61   3                      default :
  62   3                                                      break;
  63   3               }
  64   2              }
  65   1      }          
  66          


MODULE INFORMATION:   STATIC OVERLAYABLE
   CODE SIZE        =    153    ----
   CONSTANT SIZE    =   ----    ----
   XDATA SIZE       =   ----    ----
   PDATA SIZE       =   ----    ----
   DATA SIZE        =      1      12
   IDATA SIZE       =   ----    ----
   BIT SIZE         =   ----    ----
END OF MODULE INFORMATION.


C51 COMPILATION COMPLETE.  1 WARNING(S),  0 ERROR(S)
